<?xml version="1.0" encoding="UTF-8"?>
<testsuite name="EncryptDecryptTest" tests="1" skipped="0" failures="0" errors="0" timestamp="2021-04-17T18:48:18" hostname="DESKTOP-7TB4ARV" time="0.162">
  <properties/>
  <testcase name="start" classname="EncryptDecryptTest" time="0.162"/>
  <system-out><![CDATA[?[1;31m
Start test 1?[0m
\jqhtrj%yt%m~ujwxpnqq&
Encryption complete.
?[1;31m
Start test 2?[0m
Hello
Encryption complete.
?[1;31m
Start test 3?[0m
123456789
Encryption complete.
?[1;31m
Start test 4?[0m
Welcome to hyperskill!
Decryption complete.
?[1;31m
Start test 5?[0m
Hi
Decryption complete.
?[1;31m
Start test 6?[0m
111122223333
Decryption complete.
?[1;31m
Start test 7?[0m
bjqhtrj yt mdujwxpnqq
Encryption complete.
?[1;31m
Start test 8?[0m
treasure
Decryption complete.
?[1;31m
Start test 9?[0m
cphpchdjcijdjibhdjebhjucspucmdmudbnuccup
Encryption complete.
?[1;31m
Start test 10?[0m
y
Decryption complete.
?[1;31m
Start test 11?[0m
i
Encryption complete.
]]></system-out>
  <system-err><![CDATA[]]></system-err>
</testsuite>
