<?xml version="1.0" encoding="UTF-8"?>
<testsuite name="MusicAdvisorTest" tests="1" skipped="0" failures="0" errors="0" timestamp="2021-05-19T23:14:49" hostname="DESKTOP-7TB4ARV" time="21.987">
  <properties/>
  <testcase name="start" classname="MusicAdvisorTest" time="21.987"/>
  <system-out><![CDATA[?[1;31m
Start test 1?[0m
> auth
use this link to request the access code:
https://accounts.spotify.com/authorize?client_id=6fd95ac46e9841c5acd0b107f5ebfbeb&response_type=code&redirect_uri=http://localhost:8080
waiting for code...
Tester: making requests to redirect uri: http://localhost:8080
Tester: done request 1: Authorization code not found. Try again.
Tester: done request 2: Authorization code not found. Try again.
Tester: done request 3: Got the code. Return back to your program.
code received
Making http request for access_token...
Success!
> exit
?[1;31m
Start test 2?[0m
> auth
use this link to request the access code:
https://accounts.spotify.com/authorize?client_id=6fd95ac46e9841c5acd0b107f5ebfbeb&response_type=code&redirect_uri=http://localhost:8080
waiting for code...
Tester: making requests to redirect uri: http://localhost:8080
Tester: done request 1: Authorization code not found. Try again.
Tester: done request 2: Authorization code not found. Try again.
Tester: done request 3: Got the code. Return back to your program.
code received
Making http request for access_token...
Success!
> categories
Super Mood
Top Lists
Party Time
> exit
?[1;31m
Start test 3?[0m
> categories
Please, provide access for application.
> exit
?[1;31m
Start test 4?[0m
> auth
use this link to request the access code:
https://accounts.spotify.com/authorize?client_id=6fd95ac46e9841c5acd0b107f5ebfbeb&response_type=code&redirect_uri=http://localhost:8080
waiting for code...
Tester: making requests to redirect uri: http://localhost:8080
Tester: done request 1: Authorization code not found. Try again.
Tester: done request 2: Authorization code not found. Try again.
Tester: done request 3: Got the code. Return back to your program.
code received
Making http request for access_token...
Success!
> featured
Monday Morning Mood
http://open.spotify.com/user/spotify/playlist/6ftJBzU2LLQcaKefMi7ee7

Upp och hoppa!
http://open.spotify.com/user/spotify__sverige/playlist/4uOEx4OUrkoGNZoIlWMUbO

> exit
?[1;31m
Start test 5?[0m
> featured
Please, provide access for application.
> exit
?[1;31m
Start test 6?[0m
> auth
use this link to request the access code:
https://accounts.spotify.com/authorize?client_id=6fd95ac46e9841c5acd0b107f5ebfbeb&response_type=code&redirect_uri=http://localhost:8080
waiting for code...
Tester: making requests to redirect uri: http://localhost:8080
Tester: done request 1: Authorization code not found. Try again.
Tester: done request 2: Authorization code not found. Try again.
Tester: done request 3: Got the code. Return back to your program.
code received
Making http request for access_token...
Success!
> new
Runnin'
[Pharrell Williams]
https://open.spotify.com/album/5ZX4m5aVSmWQ5iHAPQpT71

Sneakin'
[Drake2, Drake3]
https://open.spotify.com/album/0geTzdk2InlqIoB16fW9Nd

> exit
?[1;31m
Start test 7?[0m
> new
Please, provide access for application.
> exit
?[1;31m
Start test 8?[0m
> auth
use this link to request the access code:
https://accounts.spotify.com/authorize?client_id=6fd95ac46e9841c5acd0b107f5ebfbeb&response_type=code&redirect_uri=http://localhost:8080
waiting for code...
Tester: making requests to redirect uri: http://localhost:8080
Tester: done request 1: Authorization code not found. Try again.
Tester: done request 2: Authorization code not found. Try again.
Tester: done request 3: Got the code. Return back to your program.
code received
Making http request for access_token...
Success!
> playlists Party Time
Super Mood
Top Lists
Party Time
{
    "playlists": {
        "href": "https://api.spotify.com/v1/browse/categories/party/playlists?offset=0&limit=20",
        "items": [
            {
                "collaborative": false,
                "external_urls": {
                    "spotify": "http://open.spotify.com/user/spotifybrazilian/playlist/4k7EZPI3uKMz4aRRrLVfen"
                },
                "href": "https://api.spotify.com/v1/users/spotifybrazilian/playlists/4k7EZPI3uKMz4aRRrLVfen",
                "id": "4k7EZPI3uKMz4aRRrLVfen",
                "images": [
                    {
                        "height": 300,
                        "url": "https://i.scdn.co/image/bf6544c213532e9650088dfef76c8521093d970e",
                        "width": 300
                    }
                ],
                "name": "Noite Eletronica",
                "owner": {
                    "external_urls": {
                        "spotify": "http://open.spotify.com/user/spotifybrazilian"
                    },
                    "href": "https://api.spotify.com/v1/users/spotifybrazilian",
                    "id": "spotifybrazilian",
                    "type": "user",
                    "uri": "spotify:user:spotifybrazilian"
                },
                "public": null,
                "snapshot_id": "PULvu1V2Ps8lzCxNXfNZTw4QbhBpaV0ZORc03Mw6oj6kQw9Ks2REwhL5Xcw/74wL",
                "tracks": {
                    "href": "https://api.spotify.com/v1/users/spotifybrazilian/playlists/4k7EZPI3uKMz4aRRrLVfen/tracks",
                    "total": 100
                },
                "type": "playlist",
                "uri": "spotify:user:spotifybrazilian:playlist:4k7EZPI3uKMz4aRRrLVfen"
            },
            {
                "collaborative": false,
                "external_urls": {
                    "spotify": "http://open.spotify.com/user/spotifybrazilian/playlist/4HZh0C9y80GzHDbHZyX770"
                },
                "href": "https://api.spotify.com/v1/users/spotifybrazilian/playlists/4HZh0C9y80GzHDbHZyX770",
                "id": "4HZh0C9y80GzHDbHZyX770",
                "images": [
                    {
                        "height": 300,
                        "url": "https://i.scdn.co/image/be6c333146674440123073cb32c1c8b851e69023",
                        "width": 300
                    }
                ],
                "name": "Festa Indie",
                "owner": {
                    "external_urls": {
                        "spotify": "http://open.spotify.com/user/spotifybrazilian"
                    },
                    "href": "https://api.spotify.com/v1/users/spotifybrazilian",
                    "id": "spotifybrazilian",
                    "type": "user",
                    "uri": "spotify:user:spotifybrazilian"
                },
                "public": null,
                "snapshot_id": "V66hh9k2HnLCdzHvtoXPv+tm0jp3ODM63SZ0oISfGnlHQxwG/scupDbKgIo99Zfz",
                "tracks": {
                    "href": "https://api.spotify.com/v1/users/spotifybrazilian/playlists/4HZh0C9y80GzHDbHZyX770/tracks",
                    "total": 74
                },
                "type": "playlist",
                "uri": "spotify:user:spotifybrazilian:playlist:4HZh0C9y80GzHDbHZyX770"
            }
        ],
        "limit": 20,
        "next": null,
        "offset": 0,
        "previous": null,
        "total": 2
    }
}
Noite Eletronica
http://open.spotify.com/user/spotifybrazilian/playlist/4k7EZPI3uKMz4aRRrLVfen

Festa Indie
http://open.spotify.com/user/spotifybrazilian/playlist/4HZh0C9y80GzHDbHZyX770

> exit
?[1;31m
Start test 9?[0m
> playlists Party Time
Please, provide access for application.
> exit
?[1;31m
Start test 10?[0m
> auth
use this link to request the access code:
https://accounts.spotify.com/authorize?client_id=6fd95ac46e9841c5acd0b107f5ebfbeb&response_type=code&redirect_uri=http://localhost:8080
waiting for code...
Tester: making requests to redirect uri: http://localhost:8080
Tester: done request 1: Authorization code not found. Try again.
Tester: done request 2: Authorization code not found. Try again.
Tester: done request 3: Got the code. Return back to your program.
code received
Making http request for access_token...
Success!
> playlists Top Lists
Super Mood
Top Lists
Party Time
{"error":{"status":404,"message":"Test unpredictable error message"}}
null
> exit
?[1;31m
Start test 11?[0m
> auth
use this link to request the access code:
https://accounts.spotify.com/authorize?client_id=6fd95ac46e9841c5acd0b107f5ebfbeb&response_type=code&redirect_uri=http://localhost:8080
waiting for code...
Tester: making requests to redirect uri: http://localhost:8080
Tester: done request 1: Authorization code not found. Try again.
Tester: done request 2: Authorization code not found. Try again.
Tester: done request 3: Got the code. Return back to your program.
code received
Making http request for access_token...
Success!
> playlists Party Time
Super Mood
Top Lists
Party Time
{
    "playlists": {
        "href": "https://api.spotify.com/v1/browse/categories/party/playlists?offset=0&limit=20",
        "items": [
            {
                "collaborative": false,
                "external_urls": {
                    "spotify": "http://open.spotify.com/user/spotifybrazilian/playlist/4k7EZPI3uKMz4aRRrLVfen"
                },
                "href": "https://api.spotify.com/v1/users/spotifybrazilian/playlists/4k7EZPI3uKMz4aRRrLVfen",
                "id": "4k7EZPI3uKMz4aRRrLVfen",
                "images": [
                    {
                        "height": 300,
                        "url": "https://i.scdn.co/image/bf6544c213532e9650088dfef76c8521093d970e",
                        "width": 300
                    }
                ],
                "name": "Noite Eletronica",
                "owner": {
                    "external_urls": {
                        "spotify": "http://open.spotify.com/user/spotifybrazilian"
                    },
                    "href": "https://api.spotify.com/v1/users/spotifybrazilian",
                    "id": "spotifybrazilian",
                    "type": "user",
                    "uri": "spotify:user:spotifybrazilian"
                },
                "public": null,
                "snapshot_id": "PULvu1V2Ps8lzCxNXfNZTw4QbhBpaV0ZORc03Mw6oj6kQw9Ks2REwhL5Xcw/74wL",
                "tracks": {
                    "href": "https://api.spotify.com/v1/users/spotifybrazilian/playlists/4k7EZPI3uKMz4aRRrLVfen/tracks",
                    "total": 100
                },
                "type": "playlist",
                "uri": "spotify:user:spotifybrazilian:playlist:4k7EZPI3uKMz4aRRrLVfen"
            },
            {
                "collaborative": false,
                "external_urls": {
                    "spotify": "http://open.spotify.com/user/spotifybrazilian/playlist/4HZh0C9y80GzHDbHZyX770"
                },
                "href": "https://api.spotify.com/v1/users/spotifybrazilian/playlists/4HZh0C9y80GzHDbHZyX770",
                "id": "4HZh0C9y80GzHDbHZyX770",
                "images": [
                    {
                        "height": 300,
                        "url": "https://i.scdn.co/image/be6c333146674440123073cb32c1c8b851e69023",
                        "width": 300
                    }
                ],
                "name": "Festa Indie",
                "owner": {
                    "external_urls": {
                        "spotify": "http://open.spotify.com/user/spotifybrazilian"
                    },
                    "href": "https://api.spotify.com/v1/users/spotifybrazilian",
                    "id": "spotifybrazilian",
                    "type": "user",
                    "uri": "spotify:user:spotifybrazilian"
                },
                "public": null,
                "snapshot_id": "V66hh9k2HnLCdzHvtoXPv+tm0jp3ODM63SZ0oISfGnlHQxwG/scupDbKgIo99Zfz",
                "tracks": {
                    "href": "https://api.spotify.com/v1/users/spotifybrazilian/playlists/4HZh0C9y80GzHDbHZyX770/tracks",
                    "total": 74
                },
                "type": "playlist",
                "uri": "spotify:user:spotifybrazilian:playlist:4HZh0C9y80GzHDbHZyX770"
            }
        ],
        "limit": 20,
        "next": null,
        "offset": 0,
        "previous": null,
        "total": 2
    }
}
Noite Eletronica
http://open.spotify.com/user/spotifybrazilian/playlist/4k7EZPI3uKMz4aRRrLVfen

Festa Indie
http://open.spotify.com/user/spotifybrazilian/playlist/4HZh0C9y80GzHDbHZyX770

> exit
]]></system-out>
  <system-err><![CDATA[]]></system-err>
</testsuite>
