<?xml version="1.0" encoding="UTF-8"?>
<testsuite name="MusicAdvisorTest" tests="1" skipped="0" failures="0" errors="0" timestamp="2021-05-06T21:59:42" hostname="DESKTOP-7TB4ARV" time="0.107">
  <properties/>
  <testcase name="start" classname="MusicAdvisorTest" time="0.107"/>
  <system-out><![CDATA[?[1;31m
Start test 1?[0m
> auth
https://accounts.spotify.com/authorize?client_id=6fd95ac46e9841c5acd0b107f5ebfbeb&redirect_uri=http://bobqian.com
---SUCCESS---
> exit
---GOODBYE!---
?[1;31m
Start test 2?[0m
> new
Please, provide access for application.
> exit
?[1;31m
Start test 3?[0m
> featured
Please, provide access for application.
> exit
?[1;31m
Start test 4?[0m
> auth
https://accounts.spotify.com/authorize?client_id=6fd95ac46e9841c5acd0b107f5ebfbeb&redirect_uri=http://bobqian.com
---SUCCESS---
> new
---NEW RELEASES---
Mountains [Sia, Diplo, Labrinth]
Runaway [Lil Peep]
The Greatest Show [Panic! At The Disco]
All Out Life [Slipknot]
> featured
---FEATURED---
Mellow Morning
Wake Up and Smell the Coffee
Monday Motivation
Songs to Sing in the Shower
> exit
---GOODBYE!---
]]></system-out>
  <system-err><![CDATA[]]></system-err>
</testsuite>
