<?xml version="1.0" encoding="UTF-8"?>
<testsuite name="BullsCowsTest" tests="1" skipped="0" failures="0" errors="0" timestamp="2021-03-19T17:38:11" hostname="DESKTOP-7TB4ARV" time="0.477">
  <properties/>
  <testcase name="start" classname="BullsCowsTest" time="0.477"/>
  <system-out><![CDATA[?[1;31m
Start test 1?[0m
Input the length of the secret code:
> 1
Input the number of possible symbols in the code:
> 10
The secret is prepared: * (0-9, a-`).
Okay, let's start a game!
Turn 1:
> 0
Grade: 1 bull 
Congratulations! You guessed the secret code.
?[1;31m
Start test 2?[0m
Input the length of the secret code:
> 4
Input the number of possible symbols in the code:
> 10
The secret is prepared: **** (0-9, a-`).
Okay, let's start a game!
Turn 1:
> 0000
Grade: 1 bull and 3 cows 
Turn 2:
> 1111
Grade: None. 
Turn 3:
> 2222
Grade: None. 
Turn 4:
> 3333
Grade: None. 
Turn 5:
> 4444
Grade: 1 bull and 3 cows 
Turn 6:
> 5555
Grade: None. 
Turn 7:
> 6666
Grade: 1 bull and 3 cows 
Turn 8:
> 7777
Grade: 1 bull and 3 cows 
Turn 9:
> 0467
Grade: 1 bull and 3 cows 
Turn 10:
> 4067
Grade: 4 cows 
Turn 11:
> 6047
Grade: 4 cows 
Turn 12:
> 0647
Grade: 4 cows 
Turn 13:
> 4607
Grade: 1 bull and 3 cows 
Turn 14:
> 6407
Grade: 2 bulls and 2 cows 
Turn 15:
> 7406
Grade: 4 bulls 
Congratulations! You guessed the secret code.
?[1;31m
Start test 3?[0m
Input the length of the secret code:
> 6
Input the number of possible symbols in the code:
> 10
The secret is prepared: ****** (0-9, a-`).
Okay, let's start a game!
Turn 1:
> 000000
Grade: 1 bull and 5 cows 
Turn 2:
> 111111
Grade: None. 
Turn 3:
> 222222
Grade: None. 
Turn 4:
> 333333
Grade: None. 
Turn 5:
> 444444
Grade: 1 bull and 5 cows 
Turn 6:
> 555555
Grade: 1 bull and 5 cows 
Turn 7:
> 666666
Grade: 1 bull and 5 cows 
Turn 8:
> 777777
Grade: 1 bull and 5 cows 
Turn 9:
> 888888
Grade: 1 bull and 5 cows 
Turn 10:
> 045678
Grade: 2 bulls and 4 cows 
Turn 11:
> 405678
Grade: 1 bull and 5 cows 
Turn 12:
> 504678
Grade: 1 bull and 5 cows 
Turn 13:
> 054678
Grade: 1 bull and 5 cows 
Turn 14:
> 450678
Grade: 1 bull and 5 cows 
Turn 15:
> 540678
Grade: 2 bulls and 4 cows 
Turn 16:
> 640578
Grade: 3 bulls and 3 cows 
Turn 17:
> 460578
Grade: 1 bull and 5 cows 
Turn 18:
> 064578
Grade: 1 bull and 5 cows 
Turn 19:
> 604578
Grade: 2 bulls and 4 cows 
Turn 20:
> 406578
Grade: 1 bull and 5 cows 
Turn 21:
> 046578
Grade: 2 bulls and 4 cows 
Turn 22:
> 056478
Grade: 1 bull and 5 cows 
Turn 23:
> 506478
Grade: 1 bull and 5 cows 
Turn 24:
> 605478
Grade: 2 bulls and 4 cows 
Turn 25:
> 065478
Grade: 1 bull and 5 cows 
Turn 26:
> 560478
Grade: 1 bull and 5 cows 
Turn 27:
> 650478
Grade: 2 bulls and 4 cows 
Turn 28:
> 654078
Grade: 3 bulls and 3 cows 
Turn 29:
> 564078
Grade: 2 bulls and 4 cows 
Turn 30:
> 465078
Grade: 2 bulls and 4 cows 
Turn 31:
> 645078
Grade: 4 bulls and 2 cows 
Turn 32:
> 546078
Grade: 3 bulls and 3 cows 
Turn 33:
> 456078
Grade: 2 bulls and 4 cows 
Turn 34:
> 756048
Grade: 2 bulls and 4 cows 
Turn 35:
> 576048
Grade: 2 bulls and 4 cows 
Turn 36:
> 675048
Grade: 3 bulls and 3 cows 
Turn 37:
> 765048
Grade: 2 bulls and 4 cows 
Turn 38:
> 567048
Grade: 3 bulls and 3 cows 
Turn 39:
> 657048
Grade: 4 bulls and 2 cows 
Turn 40:
> 057648
Grade: 2 bulls and 4 cows 
Turn 41:
> 507648
Grade: 2 bulls and 4 cows 
Turn 42:
> 705648
Grade: 1 bull and 5 cows 
Turn 43:
> 075648
Grade: 1 bull and 5 cows 
Turn 44:
> 570648
Grade: 1 bull and 5 cows 
Turn 45:
> 750648
Grade: 1 bull and 5 cows 
Turn 46:
> 760548
Grade: 1 bull and 5 cows 
Turn 47:
> 670548
Grade: 2 bulls and 4 cows 
Turn 48:
> 076548
Grade: 1 bull and 5 cows 
Turn 49:
> 706548
Grade: 1 bull and 5 cows 
Turn 50:
> 607548
Grade: 3 bulls and 3 cows 
Turn 51:
> 067548
Grade: 2 bulls and 4 cows 
Turn 52:
> 065748
Grade: 1 bull and 5 cows 
Turn 53:
> 605748
Grade: 2 bulls and 4 cows 
Turn 54:
> 506748
Grade: 1 bull and 5 cows 
Turn 55:
> 056748
Grade: 1 bull and 5 cows 
Turn 56:
> 650748
Grade: 2 bulls and 4 cows 
Turn 57:
> 560748
Grade: 1 bull and 5 cows 
Turn 58:
> 460758
Grade: 2 bulls and 4 cows 
Turn 59:
> 640758
Grade: 4 bulls and 2 cows 
Turn 60:
> 046758
Grade: 3 bulls and 3 cows 
Turn 61:
> 406758
Grade: 2 bulls and 4 cows 
Turn 62:
> 604758
Grade: 3 bulls and 3 cows 
Turn 63:
> 064758
Grade: 2 bulls and 4 cows 
Turn 64:
> 764058
Grade: 3 bulls and 3 cows 
Turn 65:
> 674058
Grade: 4 bulls and 2 cows 
Turn 66:
> 476058
Grade: 3 bulls and 3 cows 
Turn 67:
> 746058
Grade: 4 bulls and 2 cows 
Turn 68:
> 647058
Grade: 6 bulls 
Congratulations! You guessed the secret code.
?[1;31m
Start test 4?[0m
Input the length of the secret code:
> 4
Input the number of possible symbols in the code:
> 16
The secret is prepared: **** (0-9, a-f).
Okay, let's start a game!
Turn 1:
> 0000
Grade: None. 
Turn 2:
> 1111
Grade: 1 bull and 3 cows 
Turn 3:
> 2222
Grade: None. 
Turn 4:
> 3333
Grade: None. 
Turn 5:
> 4444
Grade: None. 
Turn 6:
> 5555
Grade: None. 
Turn 7:
> 6666
Grade: None. 
Turn 8:
> 7777
Grade: 1 bull and 3 cows 
Turn 9:
> 8888
Grade: None. 
Turn 10:
> 9999
Grade: None. 
Turn 11:
> aaaa
Grade: None. 
Turn 12:
> bbbb
Grade: 1 bull and 3 cows 
Turn 13:
> cccc
Grade: None. 
Turn 14:
> dddd
Grade: None. 
Turn 15:
> eeee
Grade: 1 bull and 3 cows 
Turn 16:
> 17be
Grade: 1 bull and 3 cows 
Turn 17:
> 71be
Grade: 4 cows 
Turn 18:
> b17e
Grade: 4 cows 
Turn 19:
> 1b7e
Grade: 2 bulls and 2 cows 
Turn 20:
> 7b1e
Grade: 1 bull and 3 cows 
Turn 21:
> b71e
Grade: 4 cows 
Turn 22:
> e71b
Grade: 4 cows 
Turn 23:
> 7e1b
Grade: 4 cows 
Turn 24:
> 1e7b
Grade: 1 bull and 3 cows 
Turn 25:
> e17b
Grade: 4 cows 
Turn 26:
> 71eb
Grade: 1 bull and 3 cows 
Turn 27:
> 17eb
Grade: 2 bulls and 2 cows 
Turn 28:
> 1be7
Grade: 4 bulls 
Congratulations! You guessed the secret code.
?[1;31m
Start test 5?[0m
Input the length of the secret code:
> 6
Input the number of possible symbols in the code:
> 36
The secret is prepared: ****** (0-9, a-z).
Okay, let's start a game!
Turn 1:
> 000000
Grade: None. 
Turn 2:
> 111111
Grade: None. 
Turn 3:
> 222222
Grade: None. 
Turn 4:
> 333333
Grade: None. 
Turn 5:
> 444444
Grade: None. 
Turn 6:
> 555555
Grade: None. 
Turn 7:
> 666666
Grade: None. 
Turn 8:
> 777777
Grade: None. 
Turn 9:
> 888888
Grade: None. 
Turn 10:
> 999999
Grade: None. 
Turn 11:
> aaaaaa
Grade: None. 
Turn 12:
> bbbbbb
Grade: None. 
Turn 13:
> cccccc
Grade: 1 bull and 5 cows 
Turn 14:
> dddddd
Grade: None. 
Turn 15:
> eeeeee
Grade: 1 bull and 5 cows 
Turn 16:
> ffffff
Grade: None. 
Turn 17:
> gggggg
Grade: None. 
Turn 18:
> hhhhhh
Grade: None. 
Turn 19:
> iiiiii
Grade: 1 bull and 5 cows 
Turn 20:
> jjjjjj
Grade: None. 
Turn 21:
> kkkkkk
Grade: None. 
Turn 22:
> llllll
Grade: None. 
Turn 23:
> mmmmmm
Grade: 1 bull and 5 cows 
Turn 24:
> nnnnnn
Grade: 1 bull and 5 cows 
Turn 25:
> oooooo
Grade: None. 
Turn 26:
> pppppp
Grade: None. 
Turn 27:
> qqqqqq
Grade: None. 
Turn 28:
> rrrrrr
Grade: None. 
Turn 29:
> ssssss
Grade: None. 
Turn 30:
> tttttt
Grade: None. 
Turn 31:
> uuuuuu
Grade: 1 bull and 5 cows 
Turn 32:
> ceimnu
Grade: 2 bulls and 4 cows 
Turn 33:
> ecimnu
Grade: 3 bulls and 3 cows 
Turn 34:
> icemnu
Grade: 1 bull and 5 cows 
Turn 35:
> ciemnu
Grade: 1 bull and 5 cows 
Turn 36:
> eicmnu
Grade: 2 bulls and 4 cows 
Turn 37:
> iecmnu
Grade: 1 bull and 5 cows 
Turn 38:
> mecinu
Grade: 1 bull and 5 cows 
Turn 39:
> emcinu
Grade: 3 bulls and 3 cows 
Turn 40:
> cmeinu
Grade: 2 bulls and 4 cows 
Turn 41:
> mceinu
Grade: 1 bull and 5 cows 
Turn 42:
> ecminu
Grade: 2 bulls and 4 cows 
Turn 43:
> ceminu
Grade: 1 bull and 5 cows 
Turn 44:
> cimenu
Grade: 1 bull and 5 cows 
Turn 45:
> icmenu
Grade: 1 bull and 5 cows 
Turn 46:
> mcienu
Grade: 2 bulls and 4 cows 
Turn 47:
> cmienu
Grade: 3 bulls and 3 cows 
Turn 48:
> imcenu
Grade: 2 bulls and 4 cows 
Turn 49:
> micenu
Grade: 1 bull and 5 cows 
Turn 50:
> miecnu
Grade: 1 bull and 5 cows 
Turn 51:
> imecnu
Grade: 2 bulls and 4 cows 
Turn 52:
> emicnu
Grade: 4 bulls and 2 cows 
Turn 53:
> meicnu
Grade: 2 bulls and 4 cows 
Turn 54:
> iemcnu
Grade: 1 bull and 5 cows 
Turn 55:
> eimcnu
Grade: 2 bulls and 4 cows 
Turn 56:
> nimceu
Grade: 1 bull and 5 cows 
Turn 57:
> inmceu
Grade: 1 bull and 5 cows 
Turn 58:
> mniceu
Grade: 2 bulls and 4 cows 
Turn 59:
> nmiceu
Grade: 3 bulls and 3 cows 
Turn 60:
> imnceu
Grade: 2 bulls and 4 cows 
Turn 61:
> minceu
Grade: 1 bull and 5 cows 
Turn 62:
> cinmeu
Grade: 1 bull and 5 cows 
Turn 63:
> icnmeu
Grade: 1 bull and 5 cows 
Turn 64:
> ncimeu
Grade: 2 bulls and 4 cows 
Turn 65:
> cnimeu
Grade: 2 bulls and 4 cows 
Turn 66:
> incmeu
Grade: 1 bull and 5 cows 
Turn 67:
> nicmeu
Grade: 1 bull and 5 cows 
Turn 68:
> nmcieu
Grade: 2 bulls and 4 cows 
Turn 69:
> mncieu
Grade: 1 bull and 5 cows 
Turn 70:
> cnmieu
Grade: 1 bull and 5 cows 
Turn 71:
> ncmieu
Grade: 1 bull and 5 cows 
Turn 72:
> mcnieu
Grade: 1 bull and 5 cows 
Turn 73:
> cmnieu
Grade: 2 bulls and 4 cows 
Turn 74:
> cmineu
Grade: 4 bulls and 2 cows 
Turn 75:
> mcineu
Grade: 3 bulls and 3 cows 
Turn 76:
> icmneu
Grade: 2 bulls and 4 cows 
Turn 77:
> cimneu
Grade: 2 bulls and 4 cows 
Turn 78:
> micneu
Grade: 2 bulls and 4 cows 
Turn 79:
> imcneu
Grade: 3 bulls and 3 cows 
Turn 80:
> emcniu
Grade: 4 bulls and 2 cows 
Turn 81:
> mecniu
Grade: 2 bulls and 4 cows 
Turn 82:
> cemniu
Grade: 2 bulls and 4 cows 
Turn 83:
> ecmniu
Grade: 3 bulls and 3 cows 
Turn 84:
> mceniu
Grade: 2 bulls and 4 cows 
Turn 85:
> cmeniu
Grade: 3 bulls and 3 cows 
Turn 86:
> nmeciu
Grade: 2 bulls and 4 cows 
Turn 87:
> mneciu
Grade: 1 bull and 5 cows 
Turn 88:
> enmciu
Grade: 2 bulls and 4 cows 
Turn 89:
> nemciu
Grade: 1 bull and 5 cows 
Turn 90:
> menciu
Grade: 1 bull and 5 cows 
Turn 91:
> emnciu
Grade: 3 bulls and 3 cows 
Turn 92:
> ecnmiu
Grade: 2 bulls and 4 cows 
Turn 93:
> cenmiu
Grade: 1 bull and 5 cows 
Turn 94:
> necmiu
Grade: 1 bull and 5 cows 
Turn 95:
> encmiu
Grade: 2 bulls and 4 cows 
Turn 96:
> cnemiu
Grade: 1 bull and 5 cows 
Turn 97:
> ncemiu
Grade: 1 bull and 5 cows 
Turn 98:
> ncmeiu
Grade: 1 bull and 5 cows 
Turn 99:
> cnmeiu
Grade: 1 bull and 5 cows 
Turn 100:
> mnceiu
Grade: 1 bull and 5 cows 
Turn 101:
> nmceiu
Grade: 2 bulls and 4 cows 
Turn 102:
> cmneiu
Grade: 2 bulls and 4 cows 
Turn 103:
> mcneiu
Grade: 1 bull and 5 cows 
Turn 104:
> icnemu
Grade: 1 bull and 5 cows 
Turn 105:
> cinemu
Grade: 1 bull and 5 cows 
Turn 106:
> nicemu
Grade: 1 bull and 5 cows 
Turn 107:
> incemu
Grade: 1 bull and 5 cows 
Turn 108:
> cniemu
Grade: 2 bulls and 4 cows 
Turn 109:
> nciemu
Grade: 2 bulls and 4 cows 
Turn 110:
> ecinmu
Grade: 4 bulls and 2 cows 
Turn 111:
> ceinmu
Grade: 3 bulls and 3 cows 
Turn 112:
> iecnmu
Grade: 2 bulls and 4 cows 
Turn 113:
> eicnmu
Grade: 3 bulls and 3 cows 
Turn 114:
> cienmu
Grade: 2 bulls and 4 cows 
Turn 115:
> icenmu
Grade: 2 bulls and 4 cows 
Turn 116:
> inecmu
Grade: 1 bull and 5 cows 
Turn 117:
> niecmu
Grade: 1 bull and 5 cows 
Turn 118:
> eincmu
Grade: 2 bulls and 4 cows 
Turn 119:
> iencmu
Grade: 1 bull and 5 cows 
Turn 120:
> neicmu
Grade: 2 bulls and 4 cows 
Turn 121:
> enicmu
Grade: 3 bulls and 3 cows 
Turn 122:
> encimu
Grade: 2 bulls and 4 cows 
Turn 123:
> necimu
Grade: 1 bull and 5 cows 
Turn 124:
> cenimu
Grade: 1 bull and 5 cows 
Turn 125:
> ecnimu
Grade: 2 bulls and 4 cows 
Turn 126:
> nceimu
Grade: 1 bull and 5 cows 
Turn 127:
> cneimu
Grade: 1 bull and 5 cows 
Turn 128:
> mneicu
Grade: 2 bulls and 4 cows 
Turn 129:
> nmeicu
Grade: 3 bulls and 3 cows 
Turn 130:
> emnicu
Grade: 4 bulls and 2 cows 
Turn 131:
> menicu
Grade: 2 bulls and 4 cows 
Turn 132:
> nemicu
Grade: 2 bulls and 4 cows 
Turn 133:
> enmicu
Grade: 3 bulls and 3 cows 
Turn 134:
> inmecu
Grade: 2 bulls and 4 cows 
Turn 135:
> nimecu
Grade: 2 bulls and 4 cows 
Turn 136:
> minecu
Grade: 2 bulls and 4 cows 
Turn 137:
> imnecu
Grade: 3 bulls and 3 cows 
Turn 138:
> nmiecu
Grade: 4 bulls and 2 cows 
Turn 139:
> mniecu
Grade: 3 bulls and 3 cows 
Turn 140:
> meincu
Grade: 4 bulls and 2 cows 
Turn 141:
> emincu
Grade: 6 bulls 
Congratulations! You guessed the secret code.
]]></system-out>
  <system-err><![CDATA[]]></system-err>
</testsuite>
