<?xml version="1.0" encoding="UTF-8"?>
<testsuite name="BullsCowsTest" tests="1" skipped="0" failures="0" errors="0" timestamp="2021-03-12T22:16:16" hostname="DESKTOP-7TB4ARV" time="0.155">
  <properties/>
  <testcase name="start" classname="BullsCowsTest" time="0.155"/>
  <system-out><![CDATA[?[1;31m
Start test 1?[0m
> 4
The random secret number is 8463.
?[1;31m
Start test 2?[0m
> 1
The random secret number is 7.
?[1;31m
Start test 3?[0m
> 11
Error
?[1;31m
Start test 4?[0m
> 6
The random secret number is 798120.
?[1;31m
Start test 5?[0m
> 3
The random secret number is 891.
]]></system-out>
  <system-err><![CDATA[]]></system-err>
</testsuite>
